Log file open, 10/21/15 19:28:29
LogInit:Display: Running engine for game: Mushroom_Story
LogInit: Version: 4.7.6-2513093+++depot+UE4-Releases+4.7
LogInit: API Version: 2455222
LogInit: Compiled (64-bit): Apr 15 2015 12:09:54
LogInit: Compiled with Visual C++: 18.00.21005.01
LogInit: Build Configuration: Development
LogInit: Branch Name: ++depot+UE4-Releases+4.7
LogInit: Command line:  
LogInit: Base directory: C:/Program Files/Epic Games/4.7/Engine/Binaries/Win64/
LogInit: Rocket: 1
[2015.10.22-02.28.29:798][  0]LogTaskGraph: Started task graph with 3 named threads and 4 total threads.
[2015.10.22-02.28.29:884][  0]LogOnline:Warning: No default platform service specified for OnlineSubsystem
[2015.10.22-02.28.29:957][  0]LogInit: Presizing for 0 objects not considered by GC, pre-allocating 0 bytes.
[2015.10.22-02.28.29:996][  0]LogInit: Object subsystem initialized
[2015.10.22-02.28.30:002][  0]LogConsoleResponse:Warning: Skipping Unknown console variable: 'TranslucentSortAxis = (X=0.000000,Y=-1.000000,Z=0.000000)'
[2015.10.22-02.28.30:002][  0]LogConsoleResponse:Warning:   Found in ini file 'C:/Users/Tiffany/Documents/GitHub/MushroomStory/Mushroom_Story/Saved/Config/Windows/Engine.ini', in section '[/Script/Engine.RendererSettings]'
[2015.10.22-02.28.30:002][  0]LogConsoleResponse:Warning: Skipping Unknown console variable: 'UIScaleRule = ShortestSide'
[2015.10.22-02.28.30:002][  0]LogConsoleResponse:Warning:   Found in ini file 'C:/Users/Tiffany/Documents/GitHub/MushroomStory/Mushroom_Story/Saved/Config/Windows/Engine.ini', in section '[/Script/Engine.RendererSettings]'
[2015.10.22-02.28.30:002][  0]LogConsoleResponse:Warning: Skipping Unknown console variable: 'UIScaleCurve = (EditorCurveData=(Keys=),ExternalCurve=None)'
[2015.10.22-02.28.30:002][  0]LogConsoleResponse:Warning:   Found in ini file 'C:/Users/Tiffany/Documents/GitHub/MushroomStory/Mushroom_Story/Saved/Config/Windows/Engine.ini', in section '[/Script/Engine.RendererSettings]'
[2015.10.22-02.28.30:004][  0]LogInit: Selected Device Profile: [Windows]
[2015.10.22-02.28.30:004][  0]LogInit: Applying CVar settings loaded from the selected device profile: [Windows]
[2015.10.22-02.28.30:038][  0]LogInit: Computer: BADASSPC
[2015.10.22-02.28.30:038][  0]LogInit: User: Tiffany
[2015.10.22-02.28.30:038][  0]LogInit: CPU Page size=4096, Cores=2
[2015.10.22-02.28.30:038][  0]LogInit: High frequency timer resolution =2.338337 MHz
[2015.10.22-02.28.30:039][  0]LogMemory: Memory total: Physical=7.9GB (8GB approx) Virtual=131072.0GB
[2015.10.22-02.28.30:040][  0]LogMemory: Platform Memory Stats for Windows
[2015.10.22-02.28.30:040][  0]LogMemory: Process Physical Memory: 45.96 MB used, 45.96 MB peak
[2015.10.22-02.28.30:040][  0]LogMemory: Process Virtual Memory: 22.53 MB used, 22.53 MB peak
[2015.10.22-02.28.30:040][  0]LogMemory: Physical Memory: 3815.08 MB used, 8075.10 MB total
[2015.10.22-02.28.30:040][  0]LogMemory: Virtual Memory: 284.48 MB used, 134217728.00 MB total
[2015.10.22-02.28.30:641][  0]LogD3D11RHI: Found D3D11 adapter 0: Intel(R) HD Graphics Family (Feature Level 11_0)
[2015.10.22-02.28.30:641][  0]LogD3D11RHI: Adapter has 32MB of dedicated video memory, 0MB of dedicated system memory, and 1760MB of shared system memory, 1 output[s]
[2015.10.22-02.28.30:682][  0]LogD3D11RHI: Found D3D11 adapter 1: NVIDIA GeForce GT 745M   (Feature Level 11_0)
[2015.10.22-02.28.30:682][  0]LogD3D11RHI: Adapter has 1988MB of dedicated video memory, 0MB of dedicated system memory, and 2048MB of shared system memory, 0 output[s]
[2015.10.22-02.28.30:687][  0]LogD3D11RHI: Found D3D11 adapter 2: Microsoft Basic Render Driver (Feature Level 11_0)
[2015.10.22-02.28.30:687][  0]LogD3D11RHI: Adapter has 0MB of dedicated video memory, 0MB of dedicated system memory, and 256MB of shared system memory, 0 output[s]
[2015.10.22-02.28.30:687][  0]LogD3D11RHI: Chosen D3D11 Adapter Id = 0
[2015.10.22-02.28.30:707][  0]LogRHI: Texture pool is 1361 MB (70% of 1945 MB)
[2015.10.22-02.28.30:744][  0]LogD3D11RHI: Async texture creation enabled
[2015.10.22-02.28.31:044][  0]LogTextLocalizationManager: The requested culture ('en_US') has no localization data; parent culture's ('en') localization data will be used.
[2015.10.22-02.28.31:306][  0]LogTextLocalizationManager:Warning: Loading localization resources contain conflicting entries for (Namespace:UICommands, Key:Save_ToolTip):
Resource: (C:/Program Files/Epic Games/4.7/Engine/Content/Localization/Editor/en/Editor.locres) Hash: (-29098895) String: (Saves the current level to disk)
Resource: (C:/Program Files/Epic Games/4.7/Engine/Content/Localization/Engine/en/Engine.locres) Hash: (-1280300587) String: (Save selected data to vlog file)
[2015.10.22-02.28.31:307][  0]LogTextLocalizationManager:Warning: Loading localization resources contain conflicting entries for (Namespace:ContentBrowser, Key:ImportAssetToolTip):
Resource: (C:/Program Files/Epic Games/4.7/Engine/Content/Localization/Editor/en/Editor.locres) Hash: (-630476809) String: (Import to {0}...)
Resource: (C:/Program Files/Epic Games/4.7/Engine/Content/Localization/Editor/en/Editor.locres) Hash: (1271782899) String: (Imports an asset from file to this folder.)
[2015.10.22-02.28.31:648][  0]LogContentStreaming: Texture pool size is 0.000000MB
[2015.10.22-02.28.42:234][  0]LogTargetPlatformManager:Display: Building Assets For Windows
[2015.10.22-02.28.46:202][  0]LogTargetPlatformManager:Display: Building Assets For Windows
[2015.10.22-02.28.46:510][  0]LogDerivedDataCache:Display: Max Cache Size: 512 MB
[2015.10.22-02.28.46:644][  0]LogDerivedDataCache: Loaded boot cache 0.13s 39MB C:/Users/Tiffany/AppData/Local/UnrealEngine/4.7/DerivedDataCache/Boot.ddc.
[2015.10.22-02.28.46:644][  0]LogDerivedDataCache:Display: Loaded Boot cache: C:/Users/Tiffany/AppData/Local/UnrealEngine/4.7/DerivedDataCache/Boot.ddc
[2015.10.22-02.28.46:645][  0]LogDerivedDataCache: FDerivedDataBackendGraph:  Pak pak cache file ../../../../../../Users/Tiffany/Documents/GitHub/MushroomStory/Mushroom_Story/DerivedDataCache/DDC.ddp not found, will not use a pak cache.
[2015.10.22-02.28.46:645][  0]LogDerivedDataCache: Unable to find inner node Pak for hierarchical cache Hierarchy.
[2015.10.22-02.28.47:113][  0]LogDerivedDataCache:Display: Pak cache opened for reading ../../../Engine/DerivedDataCache/Compressed.ddp.
[2015.10.22-02.28.47:129][  0]LogDerivedDataCache: Using Local data cache path C:/Users/Tiffany/AppData/Local/UnrealEngine/Common/DerivedDataCache: Writable
[2015.10.22-02.28.48:546][  0]LogMeshUtilities: No automatic mesh reduction module available
[2015.10.22-02.28.48:546][  0]LogMeshUtilities: No automatic mesh merging module available
[2015.10.22-02.28.50:892][  0]LogInit: WinSock: version 1.1 (2.2), MaxSocks=32767, MaxUdp=65467
[2015.10.22-02.28.51:377][  0]LogSlate:Warning: Failed to load font data from '../../../Engine/Content/Slate/Fonts/Roboto-Italic.ttf'
[2015.10.22-02.28.55:148][  0]UdpMessaging: Initializing bridge on interface 0.0.0.0:0 to multicast group 230.0.0.1:6666.
[2015.10.22-02.28.56:030][  0]SourceControl: Info Source control is disabled
[2015.10.22-02.28.56:030][  0]SourceControl: Info Source control is disabled
[2015.10.22-02.28.56:030][  0]SourceControl: Info Source control is disabled
[2015.10.22-02.28.56:030][  0]LogSourceControl: RunCommandInternalRaw: 'git version'
[2015.10.22-02.28.56:031][  0]LogSourceControl: RunCommandInternalRaw: ExecProcess ReturnCode=2 OutResults=''
[2015.10.22-02.28.56:081][  0]SourceControl: Info Source control is disabled
[2015.10.22-02.28.57:065][  0]LogObj: 24232 objects as part of root set at end of initial load.
[2015.10.22-02.28.57:065][  0]LogUObjectAllocator: 5137176 out of 0 bytes used by permanent object pool.
[2015.10.22-02.28.57:381][  0]LogEngine: Initializing Engine...
[2015.10.22-02.29.00:071][  0]LogInit: XAudio2 using 'Speakers (Realtek High Definition Audio)' : 2 channels at 48 kHz using 32 bits per sample (channel mask 0x3)
[2015.10.22-02.29.00:327][  0]LogInit: FAudioDevice initialized.
[2015.10.22-02.29.00:548][  0]LogAIModule: Creating AISystem for world NewWorld
[2015.10.22-02.29.00:596][  0]LogDerivedDataCache: Saved boot cache 0.05s 39MB C:/Users/Tiffany/AppData/Local/UnrealEngine/4.7/DerivedDataCache/Boot.ddc.
[2015.10.22-02.29.00:603][  0]LogInit: Texture streaming: Enabled
[2015.10.22-02.29.00:907][  0]LogAnalytics: Creating configured Analytics provider AnalyticsET
[2015.10.22-02.29.00:907][  0]LogAnalytics: ET APIKey = Rocket.Release. APIServer = http://et2.epicgames.com/ET2/. AppVersion = 4.7.6-2513093+++depot+UE4-Releases+4.7
[2015.10.22-02.29.00:907][  0]LogAnalytics: ET APIKey = Rocket.Release. DataRouterUploadURL = https://datarouter-public-service-gamedev.ol.epicgames.net/datarouter/api/v1/public/data. AppVersion = 4.7.6-2513093+++depot+UE4-Releases+4.7
[2015.10.22-02.29.00:907][  0]LogAnalytics: SetUserId 09f187a0416c23cb62e6e18f744bec56|afa1a2422bee4b5687738902efbc6ec2|d84ab259-0cc1-4c38-a264-1ee436c07e8c
[2015.10.22-02.29.00:908][  0]LogAnalytics: AnalyticsET::StartSession [Rocket.Release]
[2015.10.22-02.29.01:003][  0]LogInit: Transaction tracking system initialized
[2015.10.22-02.29.01:786][  0]BlueprintLog: New page: Editor Load
[2015.10.22-02.29.01:924][  0]LogAssetRegistry: FAssetRegistry took 0.0105 seconds to start up
[2015.10.22-02.29.01:925][  0]LogDirectoryWatcher:Warning: Failed to begin reading directory changes for ../../../Engine/Plugins/Experimental/CharacterAI/Content/. Error: 0
[2015.10.22-02.29.04:711][  0]LogTargetPlatformManager:Display: Building Assets For Windows
[2015.10.22-02.29.06:832][  0]LogTargetPlatformManager:Display: Building Assets For Windows
[2015.10.22-02.29.08:227][  0]LogSlate:Warning: Failed to load font data from '../../../Engine/Content/Editor/Slate/Fonts/Roboto-Regular.ttf'
[2015.10.22-02.29.08:229][  0]LogSlate:Warning: Failed to load font data from '../../../Engine/Content/Editor/Slate/Fonts/Roboto-Bold.ttf'
[2015.10.22-02.29.08:426][  0]LogConsoleResponse:Display: 
[2015.10.22-02.29.08:985][  0]LogCook:Display: Done creating registry. It took  0.00s.
[2015.10.22-02.29.09:511][  0]SourceControl: Info Source control is disabled
[2015.10.22-02.29.09:512][  0]Cmd: MAP LOAD FILE="../../../../../../Users/Tiffany/Documents/GitHub/MushroomStory/Mushroom_Story/Content/2DSideScrollerBP/Maps/2DSideScrollerExampleMap.umap" TEMPLATE=0 SHOWPROGRESS=1 FEATURELEVEL=3
[2015.10.22-02.29.09:513][  0]LightingResults: New page: Lighting Build
[2015.10.22-02.29.09:552][  0]MapCheck: New page: Map Check
[2015.10.22-02.29.09:552][  0]LightingResults: New page: Lighting Build
[2015.10.22-02.29.09:592][  0]LogParticles: Destroying 0 GPU particle simulations for FXSystem 0x0000005149E18C20
[2015.10.22-02.29.12:891][  0]LogEditorServer: Finished looking for orphan Actors (0.000 secs)
[2015.10.22-02.29.12:897][  0]LogAIModule: Creating AISystem for world 2DSideScrollerExampleMap
[2015.10.22-02.29.12:900][  0]Cmd: MAP CHECKDEP
[2015.10.22-02.29.12:901][  0]MapCheck: New page: 2DSideScrollerExampleMap - Oct 21, 2015, 12:29:12 PM
[2015.10.22-02.29.13:661][  0]MapCheck: Info Map check complete: 0 Error(s), 0 Warning(s), took 760.857ms to complete.
[2015.10.22-02.29.13:662][  0]LogFileHelpers: Loading map '2DSideScrollerExampleMap' took 4.150
[2015.10.22-02.29.14:113][  0]LogCollectionManager: Loaded 0 collections in 0.008559 seconds
[2015.10.22-02.29.14:168][  0]LogContentBrowser: Native class hierarchy populated in 0.0545 seconds. Added 1696 classes and 261 folders.
[2015.10.22-02.29.14:352][  0]LogContentBrowser: Native class hierarchy updated for 'SceneOutliner' in 0.0163 seconds. Added 1 classes and 2 folders.
[2015.10.22-02.29.14:672][  0]LogCrashTracker: Crashtracker disabled due to settings.
[2015.10.22-02.29.14:678][  0]LogSlate:Warning: Failed to load font data from 'Veranda'
[2015.10.22-02.29.14:773][  0]LogUObjectGlobals:Warning: Failed to find object 'Class None.'
[2015.10.22-02.29.14:838][  0]LogLoad: Full Startup: 50.45 seconds (BP compile: 0.45 seconds)
[2015.10.22-02.29.16:222][  0]LogRenderer:Warning: Reallocating scene render targets to support 968x440 (Frame:2).
[2015.10.22-02.29.17:016][  1]LogContentB