Log file open, 10/21/15 18:35:25
LogInit:Display: Running engine for game: Mushroom_Story
LogInit: Version: 4.7.6-2513093+++depot+UE4-Releases+4.7
LogInit: API Version: 2455222
LogInit: Compiled (64-bit): Apr 15 2015 12:09:54
LogInit: Compiled with Visual C++: 18.00.21005.01
LogInit: Build Configuration: Development
LogInit: Branch Name: ++depot+UE4-Releases+4.7
LogInit: Command line:  
LogInit: Base directory: C:/Program Files/Epic Games/4.7/Engine/Binaries/Win64/
LogInit: Rocket: 1
[2015.10.22-01.35.25:245][  0]LogTaskGraph: Started task graph with 3 named threads and 4 total threads.
[2015.10.22-01.35.25:329][  0]LogOnline:Warning: No default platform service specified for OnlineSubsystem
[2015.10.22-01.35.25:397][  0]LogInit: Presizing for 0 objects not considered by GC, pre-allocating 0 bytes.
[2015.10.22-01.35.25:431][  0]LogInit: Object subsystem initialized
[2015.10.22-01.35.25:437][  0]LogConsoleResponse:Warning: Skipping Unknown console variable: 'TranslucentSortAxis = (X=0.000000,Y=-1.000000,Z=0.000000)'
[2015.10.22-01.35.25:437][  0]LogConsoleResponse:Warning:   Found in ini file 'C:/Users/Tiffany/Documents/Unreal Projects/Mushroom_Story/Saved/Config/Windows/Engine.ini', in section '[/Script/Engine.RendererSettings]'
[2015.10.22-01.35.25:437][  0]LogConsoleResponse:Warning: Skipping Unknown console variable: 'UIScaleRule = ShortestSide'
[2015.10.22-01.35.25:437][  0]LogConsoleResponse:Warning:   Found in ini file 'C:/Users/Tiffany/Documents/Unreal Projects/Mushroom_Story/Saved/Config/Windows/Engine.ini', in section '[/Script/Engine.RendererSettings]'
[2015.10.22-01.35.25:437][  0]LogConsoleResponse:Warning: Skipping Unknown console variable: 'UIScaleCurve = (EditorCurveData=(Keys=),ExternalCurve=None)'
[2015.10.22-01.35.25:437][  0]LogConsoleResponse:Warning:   Found in ini file 'C:/Users/Tiffany/Documents/Unreal Projects/Mushroom_Story/Saved/Config/Windows/Engine.ini', in section '[/Script/Engine.RendererSettings]'
[2015.10.22-01.35.25:439][  0]LogInit: Selected Device Profile: [Windows]
[2015.10.22-01.35.25:439][  0]LogInit: Applying CVar settings loaded from the selected device profile: [Windows]
[2015.10.22-01.35.25:499][  0]LogInit: Computer: BADASSPC
[2015.10.22-01.35.25:499][  0]LogInit: User: Tiffany
[2015.10.22-01.35.25:499][  0]LogInit: CPU Page size=4096, Cores=2
[2015.10.22-01.35.25:499][  0]LogInit: High frequency timer resolution =2.338337 MHz
[2015.10.22-01.35.25:500][  0]LogMemory: Memory total: Physical=7.9GB (8GB approx) Virtual=131072.0GB
[2015.10.22-01.35.25:501][  0]LogMemory: Platform Memory Stats for Windows
[2015.10.22-01.35.25:501][  0]LogMemory: Process Physical Memory: 46.07 MB used, 46.07 MB peak
[2015.10.22-01.35.25:501][  0]LogMemory: Process Virtual Memory: 26.51 MB used, 26.52 MB peak
[2015.10.22-01.35.25:501][  0]LogMemory: Physical Memory: 3844.36 MB used, 8075.10 MB total
[2015.10.22-01.35.25:501][  0]LogMemory: Virtual Memory: 288.48 MB used, 134217728.00 MB total
[2015.10.22-01.35.25:678][  0]LogD3D11RHI: Found D3D11 adapter 0: Intel(R) HD Graphics Family (Feature Level 11_0)
[2015.10.22-01.35.25:678][  0]LogD3D11RHI: Adapter has 32MB of dedicated video memory, 0MB of dedicated system memory, and 1760MB of shared system memory, 1 output[s]
[2015.10.22-01.35.25:722][  0]LogD3D11RHI: Found D3D11 adapter 1: NVIDIA GeForce GT 745M   (Feature Level 11_0)
[2015.10.22-01.35.25:722][  0]LogD3D11RHI: Adapter has 1988MB of dedicated video memory, 0MB of dedicated system memory, and 2048MB of shared system memory, 0 output[s]
[2015.10.22-01.35.25:727][  0]LogD3D11RHI: Found D3D11 adapter 2: Microsoft Basic Render Driver (Feature Level 11_0)
[2015.10.22-01.35.25:728][  0]LogD3D11RHI: Adapter has 0MB of dedicated video memory, 0MB of dedicated system memory, and 256MB of shared system memory, 0 output[s]
[2015.10.22-01.35.25:728][  0]LogD3D11RHI: Chosen D3D11 Adapter Id = 0
[2015.10.22-01.35.25:750][  0]LogRHI: Texture pool is 1361 MB (70% of 1945 MB)
[2015.10.22-01.35.25:796][  0]LogD3D11RHI: Async texture creation enabled
[2015.10.22-01.35.26:373][  0]LogTextLocalizationManager: The requested culture ('en_US') has no localization data; parent culture's ('en') localization data will be used.
[2015.10.22-01.35.26:594][  0]LogTextLocalizationManager:Warning: Loading localization resources contain conflicting entries for (Namespace:UICommands, Key:Save_ToolTip):
Resource: (C:/Program Files/Epic Games/4.7/Engine/Content/Localization/Editor/en/Editor.locres) Hash: (-29098895) String: (Saves the current level to disk)
Resource: (C:/Program Files/Epic Games/4.7/Engine/Content/Localization/Engine/en/Engine.locres) Hash: (-1280300587) String: (Save selected data to vlog file)
[2015.10.22-01.35.26:594][  0]LogTextLocalizationManager:Warning: Loading localization resources contain conflicting entries for (Namespace:ContentBrowser, Key:ImportAssetToolTip):
Resource: (C:/Program Files/Epic Games/4.7/Engine/Content/Localization/Editor/en/Editor.locres) Hash: (-630476809) String: (Import to {0}...)
Resource: (C:/Program Files/Epic Games/4.7/Engine/Content/Localization/Editor/en/Editor.locres) Hash: (1271782899) String: (Imports an asset from file to this folder.)
[2015.10.22-01.35.26:910][  0]LogContentStreaming: Texture pool size is 0.000000MB
[2015.10.22-01.35.39:688][  0]LogTargetPlatformManager:Display: Building Assets For Windows
[2015.10.22-01.35.43:848][  0]LogTargetPlatformManager:Display: Building Assets For Windows
[2015.10.22-01.35.44:322][  0]LogDerivedDataCache:Display: Max Cache Size: 512 MB
[2015.10.22-01.35.44:787][  0]LogDerivedDataCache: Loaded boot cache 0.46s 39MB C:/Users/Tiffany/AppData/Local/UnrealEngine/4.7/DerivedDataCache/Boot.ddc.
[2015.10.22-01.35.44:788][  0]LogDerivedDataCache:Display: Loaded Boot cache: C:/Users/Tiffany/AppData/Local/UnrealEngine/4.7/DerivedDataCache/Boot.ddc
[2015.10.22-01.35.44:788][  0]LogDerivedDataCache: FDerivedDataBackendGraph:  Pak pak cache file ../../../../../../Users/Tiffany/Documents/Unreal Projects/Mushroom_Story/DerivedDataCache/DDC.ddp not found, will not use a pak cache.
[2015.10.22-01.35.44:788][  0]LogDerivedDataCache: Unable to find inner node Pak for hierarchical cache Hierarchy.
[2015.10.22-01.35.45:467][  0]LogDerivedDataCache:Display: Pak cache opened for reading ../../../Engine/DerivedDataCache/Compressed.ddp.
[2015.10.22-01.35.45:524][  0]LogDerivedDataCache: Using Local data cache path C:/Users/Tiffany/AppData/Local/UnrealEngine/Common/DerivedDataCache: Writable
[2015.10.22-01.35.53:767][  0]LogMeshUtilities: No automatic mesh reduction module available
[2015.10.22-01.35.53:767][  0]LogMeshUtilities: No automatic mesh merging module available
[2015.10.22-01.35.59:937][  0]LogInit: WinSock: version 1.1 (2.2), MaxSocks=32767, MaxUdp=65467
[2015.10.22-01.36.00:951][  0]LogSlate:Warning: Failed to load font data from '../../../Engine/Content/Slate/Fonts/Roboto-Italic.ttf'
[2015.10.22-01.36.31:202][  0]UdpMessaging: Initializing bridge on interface 0.0.0.0:0 to multicast group 230.0.0.1:6666.
[2015.10.22-01.36.33:166][  0]SourceControl: Info Source control is disabled
[2015.10.22-01.36.33:182][  0]SourceControl: Info Source control is disabled
[2015.10.22-01.36.33:183][  0]SourceControl: Info Source control is disabled
[2015.10.22-01.36.33:183][  0]LogSourceControl: RunCommandInternalRaw: 'git version'
[2015.10.22-01.36.33:184][  0]LogSourceControl: RunCommandInternalRaw: ExecProcess ReturnCode=2 OutResults=''
[2015.10.22-01.36.33:236][  0]SourceControl: Info Source control is disabled
[2015.10.22-01.36.35:265][  0]LogObj: 24232 objects as part of root set at end of initial load.
[2015.10.22-01.36.35:265][  0]LogUObjectAllocator: 5137176 out of 0 bytes used by permanent object pool.
[2015.10.22-01.36.36:364][  0]LogEngine: Initializing Engine...
[2015.10.22-01.36.39:903][  0]LogInit: XAudio2 using 'Speakers (Realtek High Definition Audio)' : 2 channels at 48 kHz using 32 bits per sample (channel mask 0x3)
[2015.10.22-01.36.40:340][  0]LogInit: FAudioDevice initialized.
[2015.10.22-01.36.41:208][  0]LogAIModule: Creating AISystem for world NewWorld
[2015.10.22-01.36.41:373][  0]LogDerivedDataCache: Saved boot cache 0.06s 39MB C:/Users/Tiffany/AppData/Local/UnrealEngine/4.7/DerivedDataCache/Boot.ddc.
[2015.10.22-01.36.41:399][  0]LogInit: Texture streaming: Enabled
[2015.10.22-01.36.42:308][  0]LogAnalytics: Creating configured Analytics provider AnalyticsET
[2015.10.22-01.36.42:308][  0]LogAnalytics: ET APIKey = Rocket.Release. APIServer = http://et2.epicgames.com/ET2/. AppVersion = 4.7.6-2513093+++depot+UE4-Releases+4.7
[2015.10.22-01.36.42:308][  0]LogAnalytics: ET APIKey = Rocket.Release. DataRouterUploadURL = https://datarouter-public-service-gamedev.ol.epicgames.net/datarouter/api/v1/public/data. AppVersion = 4.7.6-2513093+++depot+UE4-Releases+4.7
[2015.10.22-01.36.42:308][  0]LogAnalytics: SetUserId 09f187a0416c23cb62e6e18f744bec56|afa1a2422bee4b5687738902efbc6ec2|d84ab259-0cc1-4c38-a264-1ee436c07e8c
[2015.10.22-01.36.42:317][  0]LogAnalytics: AnalyticsET::StartSession [Rocket.Release]
[2015.10.22-01.36.42:799][  0]LogInit: Transaction tracking system initialized
[2015.10.22-01.36.44:742][  0]BlueprintLog: New page: Editor Load
[2015.10.22-01.36.45:019][  0]LogAssetRegistry: FAssetRegistry took 0.0207 seconds to start up
[2015.10.22-01.36.45:021][  0]LogDirectoryWatcher:Warning: Failed to begin reading directory changes for ../../../Engine/Plugins/Experimental/CharacterAI/Content/. Error: 0
[2015.10.22-01.36.50:850][  0]LogTargetPlatformManager:Display: Building Assets For Windows
[2015.10.22-01.36.52:877][  0]LogTargetPlatformManager:Display: Building Assets For Windows
[2015.10.22-01.36.55:502][  0]LogSlate:Warning: Failed to load font data from '../../../Engine/Content/Editor/Slate/Fonts/Roboto-Regular.ttf'
[2015.10.22-01.36.55:505][  0]LogSlate:Warning: Failed to load font data from '../../../Engine/Content/Editor/Slate/Fonts/Roboto-Bold.ttf'
[2015.10.22-01.36.55:876][  0]LogConsoleResponse:Display: 
[2015.10.22-01.36.58:588][  0]LogCook:Display: Done creating registry. It took  0.00s.
[2015.10.22-01.37.01:281][  0]SourceControl: Info Source control is disabled
[2015.10.22-01.37.01:467][  0]Cmd: MAP LOAD FILE="../../../../../../Users/Tiffany/Documents/Unreal Projects/Mushroom_Story/Content/2DSideScrollerBP/Maps/2DSideScrollerExampleMap.umap" TEMPLATE=0 SHOWPROGRESS=1 FEATURELEVEL=3
[2015.10.22-01.37.01:527][  0]LightingResults: New page: Lighting Build
[2015.10.22-01.37.01:825][  0]MapCheck: New page: Map Check
[2015.10.22-01.37.01:825][  0]LightingResults: New page: Lighting Build
[2015.10.22-01.37.02:360][  0]LogParticles: Destroying 0 GPU particle simulations for FXSystem 0x000000743E87CC20
[2015.10.22-01.37.10:688][  0]LogEditorServer: Finished looking for orphan Actors (0.000 secs)
[2015.10.22-01.37.10:722][  0]LogAIModule: Creating AISystem for world 2DSideScrollerExampleMap
[2015.10.22-01.37.10:745][  0]Cmd: MAP CHECKDEP
[2015.10.22-01.37.10:757][  0]MapCheck: New page: 2DSideScrollerExampleMap - Oct 21, 2015, 11:37:10 AM
[2015.10.22-01.37.11:458][  0]MapCheck: Info Map check complete: 0 Error(s), 0 Warning(s), took 713.079ms to complete.
[2015.10.22-01.37.11:478][  0]LogFileHelpers: Loading map '2DSideScrollerExampleMap' took 10.151
[2015.10.22-01.37.13:410][  0]LogCollectionManager: Loaded 0 collections in 0.007806 seconds
[2015.10.22-01.37.13:469][  0]LogContentBrowser: Native class hierarchy populated in 0.0582 seconds. Added 1696 classes and 261 folders.
[2015.10.22-01.37.13:788][  0]LogContentBrowser: Native class hierarchy updated for 'SceneOutliner' in 0.0149 seconds. Added 1 classes and 2 folders.
[2015.10.22-01.37.14:727][  0]LogCrashTracker: Crashtracker disabled due to settings.
[2015.10.22-01.37.14:779][  0]LogSlate:Warning: Failed to load font data from 'Veranda'
[2015.10.22-01.37.14:985][  0]LogUObjectGlobals:Warning: Failed to find object 'Class None.'
[2015.10.22-01.37.15:078][  0]LogLoad: Full Startup: 116.03 seconds (BP compile: 1.25 seconds)
[2015.10.22-01.37.16:808][  0]LogRenderer:Warning: Reallocating scene render targets to support 968x440 (Frame:2).
[2015.10.22-01.37.18:143][  1]LogContentBrowser:Verbose: The content browser source was changed by the sources view to '/Game/StarterContent'
[2015.10.22-01.37.20:711][ 19]LogAssetRegistry: Asset discovery search completed in 35.7130 seconds
[2015.10.22-01.38.08:780][508]LogStreaming:Warning: Failed to open ANSI TEXT file C:/Users/Tiffany/Documents/Unreal Projects/Mushroom_Story/Saved/HardwareSurvey/dxdiag.txt
[2015.10.22-01.38.08:915][509]LogSynthBenchmark:Display: FSynthBenchmark (V0.95):  requested WorkScale=1.00
[2015.10.22-01.38.08:916][509]LogSynthBenchmark:Display: ===============
[2015.10.22-01.38.08:916][509]LogSynthBenchmark:Display: Main Processor:
[2015.10.22-01.38.09:085][509]LogSynthBenchmark:Display:          ... 0.083665 s/Run 'RayIntersect'
[2015.10.22-01.38.09:085][509]LogSynthBenchmark:Display:          ... 0.086041 s/Run 'Fractal'
[2015.10.22-01.38.09:085][509]LogSynthBenchmark:Display: 
[2015.10.22-01.38.09:085][509]LogSynthBenchmark:Display:   CompiledTarget_x_Bits: 64
[2015.10.22-01.38.09:085][509]LogSynthBenchmark:Display:   UE_BUILD_SHIPPING: 0
[2015.10.22-01.38.09:085][509]LogSynthBenchmark:Display:   UE_BUILD_TEST: 0
[2015.10.22-01.38.09:085][509]LogSynthBenchmark:Display:   UE_BUILD_DEBUG: 0
[2015.10.22-01.38.09:085][509]LogSynthBenchmark:Display:   TotalPhysicalGBRam: 8
[2015.10.22-01.38.09:086][509]LogSynthBenchmark:Display:   NumberOfCores (physical): 2
[2015.10.22-01.38.09:086][509]LogSynthBenchmark:Display:   NumberOfCores (logical): 4
[2015.10.22-01.38.09:086][509]LogSynthBenchmark:Display:   CPU Perf Index 0: 30.6
[2015.10.22-01.38.09:086][509]LogSynthBenchmark:Display:   CPU Perf Index 1: 33.2
[2015.10.22-01.38.09:086][509]LogSynthBenchmark:Display:  
[2015.10.22-01.38.09:086][509]LogSynthBenchmark:Display: Graphics:
[2015.10.22-01.38.09:086][509]LogSynthBenchmark:Display:   Adapter Name: 'Intel(R) HD Graphics Family'
[2015.10.22-01.38.09:086][509]LogSynthBenchmark:Display:   (On Optimus the name might be wrong, memory should be ok)
[2015.10.22-01.38.09:086][509]LogSynthBenchmark:Display:   Vendor Id: 0x8086
[2015.10.22-01.38.09:086][509]LogSynthBenchmark:Display:   GPU Memory: 1989/0/2049 MB
[2015.10.22-01.38.09:086][509]LogSynthBenchmark:Display:   CPUIndex: 30.6
[2015.10.22-01.38.09:086][509]LogSynthBenchmark:Display:   GPUIndex: -1.$
[2015.10.22-01.38.09:086][509]LogSynthBenchmark:Display: 
[2015.10.22-01.38.09:086][509]LogSynthBenchmark:Display:          ... Total Time: 0.170701 sec
[2015.10.22-01.39.56:945][587]LogEditorViewport: Clicking on Actor (LMB): PaperSpriteActor (Background_Sprite)
[2015.10.22-01.39.57:803][587]LogEditorViewport: Clicking on Actor (LMB): PaperSpriteActor (Background_Sprite)
[2015.10.22-01.40.09:027][934]LogContentBrowser:Verbose: The content browser source was changed by the sources view to '/Game/StarterContent/Textures'
[2015.10.22-01.40.13:457][974]LogMaterial: Missing cached shader map for material T_Brick_Clay_Old_Mat, compiling. 
[2015.10.22-01.41.51:285][310]LogPlayLevel: PIE:  No blueprints needed recompiling
[2015.10.22-01.41.51:285][310]PIE: New page: PIE session: 2DSideScrollerExampleMap (Oct 21, 2015, 11:41:51 AM)
[2015.10.22-01.41.51:299][310]LogPlayLevel: PIE: StaticDuplicateObject took: (0.011949s)
[2015.10.22-01.41.51:302][310]LogPlayLevel: PIE: World Init took: (0.002414s)
[2015.10.22-01.41.51:302][310]LogPlayLevel: PIE: Created PIE world by copying editor world from /Game/2DSideScrollerBP/Maps/2DSideScrollerExampleMap.2DSideScrollerExampleMap to /Game/2DSideScrollerBP/Maps/UEDPIE_0_2DSideScrollerExampleMap.2DSideScrollerExampleMap (0.015134s)
[2015.10.22-01.41.51:487][310]LogWorld: Game class is '2DSideScrollerGameMode_C'
[2015.10.22-01.41.51:640][310]LogAIModule: Creating AISystem for world 2DSideScrollerExampleMap
[2015.10.22-01.41.51:675][310]LogWorld: Bringing World /Game/2DSideScrollerBP/Maps/UEDPIE_0_2DSideScrollerExampleMap.2DSideScrollerExampleMap up for play (max tick rate 0) at 2015.10.21-18.41.51
[2015.10.22-01.41.51:703][310]LogWorld: Bringing up level for play took: 0.061980
[2015.10.22-01.41.51:754][310]PIE: Info Play in editor start time for /Game/2DSideScrollerBP/Maps/UEDPIE_0_2DSideScrollerExampleMap -0.22
[2015.10.22-01.42.55:830][126]LogSelection:Warning: PIE object was selected: "PlayerController /Game/2DSideScrollerBP/Maps/UEDPIE_0_2DSideScrollerExampleMap.2DSideScrollerExampleMap:PersistentLevel.PlayerController_0"
[2015.10.22-01.42.57:546][178]LogSelection:Warning: PIE object was selected: "PlayerCameraManager /Game/2DSideScrollerBP/Maps/UEDPIE_0_2DSideScrollerExampleMap.2DSideScrollerExampleMap:PersistentLevel.PlayerCameraManager_0"
[2015.10.22-01.42.58:075][191]LogSelection:Warning: PIE object was selected: "PlayerController /Game/2DSideScrollerBP/Maps/UEDPIE_0_2DSideScrollerExampleMap.2DSideScrollerExampleMap:PersistentLevel.PlayerController_0"
[2015.10.22-01.43.16:338][635]LogSlate:Warning: Prevented a slow task dialog from being summoned while a context menu was open
[2015.10.22-02.22.27:270][789]LogParticles: Destroying 0 GPU particle simulations for FXSystem 0x0000007439F66D40
[2015.10.22-02.28.08:189][812]LogParticles: Destroying 0 GPU particle simulations for FXSystem 0x0000007445E4D300
[2015.10.22-02.28.08:480][813]Cmd: QUIT_EDITOR
[2015.10.22-02.28.09:857][813]LogExit: Preparing to exit.
[2015.10.22-02.28.10:434][813]LogExit: Editor shut down
[2015.10.22-02.28.10:436][813]LogExit: Transaction tracking system shut down
[2015.10.22-02.28.10:438][813]LogParticles: Destroying 0 GPU particle simulations for FXSystem 0x000000743A612C00
[2015.10.22-02.28.10:439][813]LogParticles: Destroying 0 GPU particle simulations for FXSystem 0x000000744605AD40
[2015.10.22-02.28.10:440][813]LogParticles: Destroying 0 GPU particle simulations for FXSystem 0x0000007438005080
[2015.10.22-02.28.10:440][813]LogParticles: Destroying 0 GPU particle simulations for FXSystem 0x0000007448496020
[2015.10.22-02.28.10:928][813]LogExit: Object subsystem successfully closed.
[2015.10.22-02.28.11:408][813]LogModuleManager: Shutting down and abandoning module SynthBenchmark (178)
[2015.10.22-02.28.11:408][813]LogModuleManager: Shutting down and abandoning module CrashTracker (177)
[2015.10.22-02.28.11:408][813]LogModuleManager: Shutting down and abandoning module SuperSearch (176)
[2015.10.22-02.28.11:408][813]LogModuleManager: Shutting down and abandoning module SceneOutliner (175)
[2015.10.22-02.28.11:408][813]LogModuleManager: Shutting down and abandoning module EditorWidgets (174)
[2015.10.22-02.28.11:408][813]LogModuleManager: Shutting down and abandoning module CollectionManager (173)
[2015.10.22-02.28.11:418][813]LogModuleManager: Shutting down and abandoning module StatsViewer (172)
[2015.10.22-02.28.11:428][813]LogModuleManager: Shutting down and abandoning module FoliageEdit (171)
[2015.10.22-02.28.11:428][813]LogModuleManager: Shutting down and abandoning module LandscapeEditor (170)
[2015.10.22-02.28.11:443][813]LogModuleManager: Shutting down and abandoning module MeshPaint (169)
[2015.10.22-02.28.11:443][813]LogModuleManager: Shutting down and abandoning module ActorPickerMode (168)
[2015.10.22-02.28.11:443][813]LogModuleManager: Shutting down and abandoning module GeometryMode (167)
[2015.10.22-02.28.11:443][813]LogModuleManager: Shutting down and abandoning module TextureAlignMode (166)
[2015.10.22-02.28.11:443][813]LogModuleManager: Shutting down and abandoning module BspMode (165)
[2015.10.22-02.28.11:443][813]LogModuleManager: Shutting down and abandoning module PlacementMode (164)
[2015.10.22-02.28.11:443][813]LogModuleManager: Shutting down and abandoning module AutomationWorker (163)
[2015.10.22-02.28.11:443][813]LogModuleManager: Shutting down and abandoning module CharacterAI (162)
[2015.10.22-02.28.11:443][813]LogModuleManager: Shutting down and abandoning module SmartSnapping (161)
[2015.10.22-02.28.11:443][813]LogModuleManager: Shutting down and abandoning module ViewportSnapping (160)
[2015.10.22-02.28.11:443][813]LogModuleManager: Shutting down and abandoning module LogVisualizer (159)
[2015.10.22-02.28.11:458][813]LogModuleManager: Shutting down and abandoning module GameProjectGeneration (158)
[2015.10.22-02.28.11:478][813]LogModuleManager: Shutting down and abandoning module IntroTutorials (157)
[2015.10.22-02.28.11:491][813]LogModuleManager: Shutting down and abandoning module EditorLiveStreaming (156)
[2015.10.22-02.28.11:491][813]LogModuleManager: Shutting down and abandoning module HardwareTargeting (155)
[2015.10.22-02.28.11:491][813]LogModuleManager: Shutting down and abandoning module DeviceProfileEditor (154)
[2015.10.22-02.28.11:491][813]LogModuleManager: Shutting down and abandoning module UndoHistory (153)
[2015.10.22-02.28.11:491][813]LogModuleManager: Shutting down and abandoning module GameplayTagsEditor (152)
[2015.10.22-02.28.11:491][813]LogModuleManager: Shutting down and abandoning module UserFeedback (151)
[2015.10.22-02.28.11:491][813]LogModuleManager: Shutting down and abandoning module XmlParser (150)
[2015.10.22-02.28.11:491][813]LogModuleManager: Shutting down and abandoning module Blutility (149)
[2015.10.22-02.28.11:491][813]LogModuleManager: Shutting down and abandoning module IOSPlatformEditor (148)
[2015.10.22-02.28.11:491][813]LogModuleManager: Shutting down and abandoning module IOSRuntimeSettings (147)
[2015.10.22-02.28.11:491][813]LogModuleManager: Shutting down and abandoning module AndroidDeviceDetection (146)
[2015.10.22-02.28.12:319][813]LogModuleManager: Shutting down and abandoning module AndroidPlatformEditor (145)
[2015.10.22-02.28.12:319][813]LogModuleManager: Shutting down and abandoning module AndroidRuntimeSettings (144)
[2015.10.22-02.28.12:319][813]LogModuleManager: Shutting down and abandoning module ProjectTargetPlatformEditor (143)
[2015.10.22-02.28.12:320][813]LogModuleManager: Shutting down and abandoning module ProjectSettingsViewer (142)
[2015.10.22-02.28.12:320][813]LogModuleManager: Shutting down and abandoning module InputBindingEditor (141)
[2015.10.22-02.28.12:320][813]LogModuleManager: Shutting down and abandoning module EditorSettingsViewer (140)
[2015.10.22-02.28.12:320][813]LogModuleManager: Shutting down and abandoning module SettingsEditor (139)
[2015.10.22-02.28.12:354][813]LogModuleManager: Shutting down and abandoning module ProjectLauncher (138)
[2015.10.22-02.28.12:354][813]LogModuleManager: Shutting down and abandoning module SessionFrontend (137)
[2015.10.22-02.28.12:354][813]LogModuleManager: Shutting down and abandoning module ProfilerClient (136)
[2015.10.22-02.28.12:367][813]LogModuleManager: Shutting down and abandoning module TargetDeviceServices (135)
[2015.10.22-02.28.12:367][813]LogModuleManager: Shutting down and abandoning module DeviceManager (134)
[2015.10.22-02.28.12:367][813]LogModuleManager: Shutting down and abandoning module AutomationController (133)
[2015.10.22-02.28.12:367][813]LogModuleManager: Shutting down and abandoning module AutomationWindow (132)
[2015.10.22-02.28.12:379][813]LogModuleManager: Shutting down and abandoning module Layers (131)
[2015.10.22-02.28.12:403][813]LogModuleManager: Shutting down and abandoning module ComponentVisualizers (130)
[2015.10.22-02.28.12:404][813]LogModuleManager: Shutting down and abandoning module DetailCustomizations (129)
[2015.10.22-02.28.12:404][813]LogModuleManager: Shutting down and abandoning module PackagesDialog (128)
[2015.10.22-02.28.12:404][813]LogModuleManager: Shutting down and abandoning module AssetRegistry (127)
[2015.10.22-02.28.12:514][813]LogModuleManager: Shutting down and abandoning module Persona (126)
[2015.10.22-02.28.12:531][813]LogModuleManager: Shutting down and abandoning module SlateReflector (125)
[2015.10.22-02.28.12:546][813]LogModuleManager: Shutting down and abandoning module LevelEditor (124)
[2015.10.22-02.28.12:549][813]LogModuleManager: Shutting down and abandoning module Kismet (123)
[2015.10.22-02.28.12:549][813]LogModuleManager: Shutting down and abandoning module GraphEditor (122)
[2015.10.22-02.28.12:549][813]LogModuleManager: Shutting down and abandoning module ClassViewer (121)
[2015.10.22-02.28.12:549][813]LogModuleManager: Shutting down and abandoning module Toolbox (120)
[2015.10.22-02.28.12:549][813]LogModuleManager: Shutting down and abandoning module ModuleUI (119)
[2015.10.22-02.28.12:568][813]LogModuleManager: Shutting down and abandoning module MovieSceneTools (118)
[2015.10.22-02.28.12:582][813]LogModuleManager: Shutting down and abandoning module OutputLog (117)
[2015.10.22-02.28.12:582][813]LogModuleManager: Shutting down and abandoning module GammaUI (116)
[2015.10.22-02.28.12:597][813]LogModuleManager: Shutting down and abandoning module Documentation (115)
[2015.10.22-02.28.12:598][813]LogModuleManager: Shutting down and abandoning module GameLiveStreaming (114)
[2015.10.22-02.28.12:598][813]LogModuleManager: Shutting down and abandoning module StreamingPauseRendering (113)
[2015.10.22-02.28.12:598][813]LogModuleManager: Shutting down and abandoning module HTTP (112)
[2015.10.22-02.28.12:598][813]LogModuleManager: Shutting down and abandoning module AnalyticsET (111)
[2015.10.22-02.28.12:598][813]LogModuleManager: Shutting down and abandoning module Analytics (110)
[2015.10.22-02.28.12:598][813]LogModuleManager: Shutting down and abandoning module AITestSuite (109)
[2015.10.22-02.28.12:598][813]LogModuleManager: Shutting down and abandoning module GameplayDebugger (108)
[2015.10.22-02.28.12:598][813]LogModuleManager: Shutting down and abandoning module AIModule (107)
[2015.10.22-02.28.12:598][813]LogModuleManager: Shutting down and abandoning module ProfilerService (106)
[2015.10.22-02.28.12:614][813]LogModuleManager: Shutting down and abandoning module TaskGraph (105)
[2015.10.22-02.28.12:630][813]LogModuleManager: Shutting down and abandoning module SlateRemote (104)
[2015.10.22-02.28.12:630][813]LogModuleManager: Shutting down and abandoning module ScriptEditorPlugin (103)
[2015.10.22-02.28.12:631][813]LogModuleManager: Shutting down and abandoning module CustomMeshComponent (102)
[2015.10.22-02.28.12:631][813]LogModuleManager: Shutting down and abandoning module CableComponent (101)
[2015.10.22-02.28.12:631][813]LogModuleManager: Shutting down and abandoning module MessagingDebugger (100)
[2015.10.22-02.28.12:650][813]LogModuleManager: Shutting down and abandoning module MediaPlayerEditor (99)
[2015.10.22-02.28.12:662][813]LogModuleManager: Shutting down and abandoning module SpeedTreeImporter (98)
[2015.10.22-02.28.12:662][813]LogModuleManager: Shutting down and abandoning module PluginsEditor (97)
[2015.10.22-02.28.12:662][813]LogModuleManager: Shutting down and abandoning module MainFrame (96)
[2015.10.22-02.28.12:662][813]LogModuleManager: Shutting down and abandoning module EpicSurvey (95)
[2015.10.22-02.28.12:662][813]LogModuleManager: Shutting down and abandoning module DesktopPlatform (94)
[2015.10.22-02.28.12:678][813]LogModuleManager: Shutting down and abandoning module DirectoryWatcher (93)
[2015.10.22-02.28.12:679][813]LogModuleManager: Shutting down and abandoning module HotReload (92)
[2015.10.22-02.28.12:679][813]LogModuleManager: Shutting down and abandoning module VisualStudioSourceCodeAccess (91)
[2015.10.22-02.28.12:679][813]LogModuleManager: Shutting down and abandoning module UObjectPlugin (90)
[2015.10.22-02.28.12:679][813]LogModuleManager: Shutting down and abandoning module SubversionSourceControl (89)
[2015.10.22-02.28.12:679][813]LogModuleManager: Shutting down and abandoning module PerforceSourceControl (88)
[2015.10.22-02.28.12:695][813]LogModuleManager: Shutting down and abandoning module SourceControl (87)
[2015.10.22-02.28.12:695][813]LogModuleManager: Shutting down and abandoning module GitSourceControl (86)
[2015.10.22-02.28.12:695][813]LogModuleManager: Shutting down and abandoning module BlankPlugin (85)
[2015.10.22-02.28.12:695][813]LogModuleManager: Shutting down and abandoning module PaperTiledImporter (84)
[2015.10.22-02.28.12:695][813]LogModuleManager: Shutting down and abandoning module PaperJsonImporter (83)
[2015.10.22-02.28.12:695][813]LogModuleManager: Shutting down and abandoning module ContentBrowser (82)
[2015.10.22-02.28.12:697][813]LogModuleManager: Shutting down and abandoning module Paper2DEditor (81)
[2015.10.22-02.28.12:697][813]LogModuleManager: Shutting down and abandoning module ScriptPlugin (80)
[2015.10.22-02.28.12:704][813]LogModuleManager: Shutting down and abandoning module UdpMessaging (79)
[2015.10.22-02.28.12:806][813]LogModuleManager: Shutting down and abandoning module Paper2D (78)
[2015.10.22-02.28.12:806][813]LogModuleManager: Shutting down and abandoning module WindowsMoviePlayer (77)
[2015.10.22-02.28.12:812][813]LogModuleManager: Shutting down and abandoning module Media (76)
[2015.10.22-02.28.12:812][813]LogModuleManager: Shutting down and abandoning module WmfMedia (75)
[2015.10.22-02.28.12:813][813]LogModuleManager: Shutting down and abandoning module OnlineBlueprintSupport (74)
[2015.10.22-02.28.12:813][813]LogModuleManager: Shutting down and abandoning module PropertyEditor (73)
[2015.10.22-02.28.12:813][813]LogModuleManager: Shutting down and abandoning module BehaviorTreeEditor (72)
[2015.10.22-02.28.12:824][813]LogModuleManager: Shutting down and abandoning module FunctionalTesting (71)
[2015.10.22-02.28.12:824][813]LogModuleManager: Shutting down and abandoning module CollisionAnalyzer (70)
[2015.10.22-02.28.12:838][813]LogModuleManager: Shutting down and abandoning module WorkspaceMenuStructure (69)
[2015.10.22-02.28.12:838][813]LogModuleManager: Shutting down and abandoning module MessageLog (68)
[2015.10.22-02.28.12:838][813]LogModuleManager: Shutting down and abandoning module Sequencer (67)
[2015.10.22-02.28.12:850][813]LogModuleManager: Shutting down and abandoning module AssetTools (66)
[2015.10.22-02.28.12:881][813]LogModuleManager: Shutting down and abandoning module UMGEditor (65)
[2015.10.22-02.28.12:888][813]LogModuleManager: Shutting down and abandoning module UMG (64)
[2015.10.22-02.28.12:895][813]LogModuleManager: Shutting down and abandoning module Slate (63)
[2015.10.22-02.28.12:895][813]LogModuleManager: Shutting down and abandoning module EditorStyle (62)
[2015.10.22-02.28.12:917][813]LogModuleManager: Shutting down and abandoning module SessionServices (61)
[2015.10.22-02.28.12:917][813]LogModuleManager: Shutting down and abandoning module SourceCodeAccess (60)
[2015.10.22-02.28.12:917][813]LogModuleManager: Shutting down and abandoning module HeadMountedDisplay (59)
[2015.10.22-02.28.12:917][813]LogModuleManager: Shutting down and abandoning module XAudio2 (58)
[2015.10.22-02.28.12:918][813]LogModuleManager: Shutting down and abandoning module Networking (56)
[2015.10.22-02.28.12:918][813]LogModuleManager: Shutting down and abandoning module Core (55)
[2015.10.22-02.28.12:918][813]LogModuleManager: Shutting down and abandoning module KismetCompiler (54)
[2015.10.22-02.28.12:918][813]LogModuleManager: Shutting down and abandoning module PhysXFormats (53)
[2015.10.22-02.28.12:918][813]LogModuleManager: Shutting down and abandoning module MeshUtilities (52)
[2015.10.22-02.28.12:925][813]LogModuleManager: Shutting down and abandoning module DerivedDataCache (51)
[2015.10.22-02.28.13:020][813]LogDerivedDataCache: Shutdown
[2015.10.22-02.28.13:020][813]LogModuleManager: Shutting down and abandoning module ShaderFormatOpenGL (50)
[2015.10.22-02.28.13:035][813]LogModuleManager: Shutting down and abandoning module ShaderFormatD3D (49)
[2015.10.22-02.28.13:035][813]LogModuleManager: Shutting down and abandoning module MetalShaderFormat (48)
[2015.10.22-02.28.13:050][813]LogModuleManager: Shutting down and abandoning module TextureFormatUncompressed (47)
[2015.10.22-02.28.13:050][813]LogModuleManager: Shutting down and abandoning module TextureFormatPVR (46)
[2015.10.22-02.28.13:050][813]LogModuleManager: Shutting down and abandoning module TextureFormatIntelISPCTexComp (45)
[2015.10.22-02.28.13:050][813]LogModuleManager: Shutting down and abandoning module TextureFormatDXT (44)
[2015.10.22-02.28.13:050][813]LogModuleManager: Shutting down and abandoning module ImageWrapper (43)
[2015.10.22-02.28.13:050][813]LogModuleManager: Shutting down and abandoning module TextureFormatASTC (42)
[2015.10.22-02.28.13:050][813]LogModuleManager: Shutting down and abandoning module TextureFormatAndroid (41)
[2015.10.22-02.28.13:051][813]LogModuleManager: Shutting down and abandoning module AudioFormatOpus (40)
[2015.10.22-02.28.13:051][813]LogModuleManager: Shutting down and abandoning module AudioFormatOgg (39)
[2015.10.22-02.28.13:051][813]LogModuleManager: Shutting down and abandoning module AudioFormatADPCM (38)
[2015.10.22-02.28.13:051][813]LogModuleManager: Shutting down and abandoning module LinuxTargetPlatform (37)
[2015.10.22-02.28.13:051][813]LogModuleManager: Shutting down and abandoning module LinuxServerTargetPlatform (36)
[2015.10.22-02.28.13:051][813]LogModuleManager: Shutting down and abandoning module LinuxNoEditorTargetPlatform (35)
[2015.10.22-02.28.13:051][813]LogModuleManager: Shutting down and abandoning module Messaging (34)
[2015.10.22-02.28.13:051][813]LogModuleManager: Shutting down and abandoning module IOSTargetPlatform (33)
[2015.10.22-02.28.13:051][813]LogModuleManager: Shutting down and abandoning module HTML5TargetPlatform (32)
[2015.10.22-02.28.13:051][813]LogModuleManager: Shutting down and abandoning module Android_PVRTCTargetPlatform (31)
[2015.10.22-02.28.13:051][813]LogModuleManager: Shutting down and abandoning module Android_ETC2TargetPlatform (30)
[2015.10.22-02.28.13:051][813]LogModuleManager: Shutting down and abandoning module Android_ETC1TargetPlatform (29)
[2015.10.22-02.28.13:051][813]LogModuleManager: Shutting down and abandoning module Android_ES31TargetPlatform (28)
[2015.10.22-02.28.13:051][813]LogModuleManager: Shutting down and abandoning module Android_DXTTargetPlatform (27)
[2015.10.22-02.28.13:051][813]LogModuleManager: Shutting down and abandoning module Android_ATCTargetPlatform (26)
[2015.10.22-02.28.13:051][813]LogModuleManager: Shutting down and abandoning module AndroidTargetPlatform (25)
[2015.10.22-02.28.13:051][813]LogModuleManager: Shutting down and abandoning module WindowsTargetPlatform (24)
[2015.10.22-02.28.13:051][813]LogModuleManager: Shutting down and abandoning module WindowsServerTargetPlatform (23)
[2015.10.22-02.28.13:051][813]LogModuleManager: Shutting down and abandoning module WindowsNoEditorTargetPlatform (22)
[2015.10.22-02.28.13:051][813]LogModuleManager: Shutting down and abandoning module WindowsClientTargetPlatform (21)
[2015.10.22-02.28.13:051][813]LogModuleManager: Shutting down and abandoning module TargetPlatform (20)
[2015.10.22-02.28.13:051][813]LogModuleManager: Shutting down and abandoning module InputCore (19)
[2015.10.22-02.28.13:051][813]LogModuleManager: Shutting down and abandoning module Settings (18)
[2015.10.22-02.28.13:052][813]LogModuleManager: Shutting down and abandoning module OnlineSubsystem (16)
[2015.10.22-02.28.13:052][813]LogModuleManager: Shutting down and abandoning module OculusRift (15)
[2015.10.22-02.28.13:052][813]LogModuleManager: Shutting down and abandoning module ExampleDeviceProfileSelector (14)
[2015.10.22-02.28.13:052][813]LogModuleManager: Shutting down and abandoning module TextureCompressor (13)
[2015.10.22-02.28.13:052][813]LogModuleManager: Shutting down and abandoning module ShaderCore (12)
[2015.10.22-02.28.13:052][813]LogModuleManager: Shutting down and abandoning module Landscape (11)
[2015.10.22-02.28.13:052][813]LogModuleManager: Shutting down and abandoning module SlateRHIRenderer (10)
[2015.10.22-02.28.13:058][813]LogModuleManager: Shutting down and abandoning module OpenGLDrv (9)
[2015.10.22-02.28.13:058][813]LogModuleManager: Shutting down and abandoning module D3D11RHI (8)
[2015.10.22-02.28.13:058][813]LogModuleManager: Shutting down and abandoning module Renderer (7)
[2015.10.22-02.28.13:058][813]LogModuleManager: Shutting down and abandoning module Engine (6)
[2015.10.22-02.28.13:058][813]LogModuleManager: Shutting down and abandoning module CoreUObject (5)
[2015.10.22-02.28.13:058][813]LogModuleManager: Shutting down and abandoning module NetworkFile (4)
[2015.10.22-02.28.13:063][813]LogModuleManager: Shutting down and abandoning module StreamingFile (3)
[2015.10.22-02.28.13:064][813]LogModuleManager: Shutting down and abandoning module SandboxFile (2)
[2015.10.22-02.28.13:064][813]LogModuleManager: Shutting down and abandoning module PakFile (1)
[2015.10.22-02.28.13:081][813]LogExit: Exiting.
[2015.10.22-02.28.13:139][813]Log file closed, 10/21/15 19:28:13
